1660412936.720411 client started (9561): version 3.1c, socket /tmp/tmux-1000/default, protocol 8
1660412936.720454 on Linux 5.10.0-16-amd64 #1 SMP Debian 5.10.127-1 (2022-06-30); libevent 2.1.12-stable (poll)
1660412936.720474 socket is /tmp/tmux-1000/default
1660412936.720493 trying connect
1660412936.720593 add peer 0x563a113acf20: 6 ((nil))
1660412936.720692 sending message 100 to peer 0x563a113acf20 (4 bytes)
1660412936.720703 sending message 101 to peer 0x563a113acf20 (16 bytes)
1660412936.720712 sending message 102 to peer 0x563a113acf20 (11 bytes)
1660412936.720720 sending message 108 to peer 0x563a113acf20 (27 bytes)
1660412936.720729 sending message 104 to peer 0x563a113acf20 (0 bytes)
1660412936.720738 sending message 107 to peer 0x563a113acf20 (4 bytes)
1660412936.720746 sending message 105 to peer 0x563a113acf20 (23 bytes)
1660412936.720755 sending message 105 to peer 0x563a113acf20 (20 bytes)
1660412936.720763 sending message 105 to peer 0x563a113acf20 (54 bytes)
1660412936.720772 sending message 105 to peer 0x563a113acf20 (24 bytes)
1660412936.720780 sending message 105 to peer 0x563a113acf20 (56 bytes)
1660412936.720788 sending message 105 to peer 0x563a113acf20 (11 bytes)
1660412936.720797 sending message 105 to peer 0x563a113acf20 (12 bytes)
1660412936.720805 sending message 105 to peer 0x563a113acf20 (19 bytes)
1660412936.720814 sending message 105 to peer 0x563a113acf20 (52 bytes)
1660412936.720822 sending message 105 to peer 0x563a113acf20 (19 bytes)
1660412936.720830 sending message 105 to peer 0x563a113acf20 (28 bytes)
1660412936.720838 sending message 105 to peer 0x563a113acf20 (24 bytes)
1660412936.720846 sending message 105 to peer 0x563a113acf20 (17 bytes)
1660412936.720854 sending message 105 to peer 0x563a113acf20 (13 bytes)
1660412936.720863 sending message 105 to peer 0x563a113acf20 (17 bytes)
1660412936.720871 sending message 105 to peer 0x563a113acf20 (23 bytes)
1660412936.720879 sending message 105 to peer 0x563a113acf20 (30 bytes)
1660412936.720887 sending message 105 to peer 0x563a113acf20 (27 bytes)
1660412936.720895 sending message 105 to peer 0x563a113acf20 (24 bytes)
1660412936.720903 sending message 105 to peer 0x563a113acf20 (20 bytes)
1660412936.720911 sending message 105 to peer 0x563a113acf20 (23 bytes)
1660412936.720919 sending message 105 to peer 0x563a113acf20 (21 bytes)
1660412936.720928 sending message 105 to peer 0x563a113acf20 (25 bytes)
1660412936.720936 sending message 105 to peer 0x563a113acf20 (20 bytes)
1660412936.720944 sending message 105 to peer 0x563a113acf20 (14 bytes)
1660412936.720952 sending message 105 to peer 0x563a113acf20 (34 bytes)
1660412936.720970 sending message 105 to peer 0x563a113acf20 (16 bytes)
1660412936.720979 sending message 105 to peer 0x563a113acf20 (314 bytes)
1660412936.720987 sending message 105 to peer 0x563a113acf20 (31 bytes)
1660412936.720996 sending message 105 to peer 0x563a113acf20 (19 bytes)
1660412936.721004 sending message 105 to peer 0x563a113acf20 (18 bytes)
1660412936.721012 sending message 105 to peer 0x563a113acf20 (19 bytes)
1660412936.721020 sending message 105 to peer 0x563a113acf20 (8 bytes)
1660412936.721029 sending message 105 to peer 0x563a113acf20 (19 bytes)
1660412936.721038 sending message 105 to peer 0x563a113acf20 (46 bytes)
1660412936.721046 sending message 105 to peer 0x563a113acf20 (21 bytes)
1660412936.721054 sending message 105 to peer 0x563a113acf20 (35 bytes)
1660412936.721063 sending message 105 to peer 0x563a113acf20 (13 bytes)
1660412936.721071 sending message 105 to peer 0x563a113acf20 (52 bytes)
1660412936.721079 sending message 105 to peer 0x563a113acf20 (11 bytes)
1660412936.721088 sending message 105 to peer 0x563a113acf20 (18 bytes)
1660412936.721096 sending message 105 to peer 0x563a113acf20 (31 bytes)
1660412936.721104 sending message 105 to peer 0x563a113acf20 (35 bytes)
1660412936.721113 sending message 105 to peer 0x563a113acf20 (42 bytes)
1660412936.721121 sending message 105 to peer 0x563a113acf20 (49 bytes)
1660412936.721150 sending message 105 to peer 0x563a113acf20 (31 bytes)
1660412936.721161 sending message 105 to peer 0x563a113acf20 (15 bytes)
1660412936.721180 sending message 105 to peer 0x563a113acf20 (52 bytes)
1660412936.721188 sending message 105 to peer 0x563a113acf20 (23 bytes)
1660412936.721197 sending message 105 to peer 0x563a113acf20 (28 bytes)
1660412936.721205 sending message 105 to peer 0x563a113acf20 (17 bytes)
1660412936.721213 sending message 105 to peer 0x563a113acf20 (58 bytes)
1660412936.721222 sending message 105 to peer 0x563a113acf20 (21 bytes)
1660412936.721230 sending message 105 to peer 0x563a113acf20 (11 bytes)
1660412936.721238 sending message 105 to peer 0x563a113acf20 (20 bytes)
1660412936.721246 sending message 105 to peer 0x563a113acf20 (16 bytes)
1660412936.721255 sending message 105 to peer 0x563a113acf20 (30 bytes)
1660412936.721263 sending message 105 to peer 0x563a113acf20 (16 bytes)
1660412936.721271 sending message 105 to peer 0x563a113acf20 (32 bytes)
1660412936.721280 sending message 105 to peer 0x563a113acf20 (1519 bytes)
1660412936.721291 sending message 106 to peer 0x563a113acf20 (0 bytes)
1660412936.721299 sending message 200 to peer 0x563a113acf20 (4 bytes)
1660412936.721307 client loop enter
1660412936.721691 peer 0x563a113acf20 message 303
1660412936.721704 open write file 2 -
1660412936.721719 sending message 305 to peer 0x563a113acf20 (8 bytes)
1660412936.721824 peer 0x563a113acf20 message 304
1660412936.721832 write 58 to file 2
1660412936.721842 peer 0x563a113acf20 message 203
1660412936.721849 file 2 58 bytes left
1660412936.721873 client loop exit
