1660412908.400357 client started (9496): version 3.1c, socket /tmp/tmux-1000/default, protocol 8
1660412908.400400 on Linux 5.10.0-16-amd64 #1 SMP Debian 5.10.127-1 (2022-06-30); libevent 2.1.12-stable (poll)
1660412908.400420 socket is /tmp/tmux-1000/default
1660412908.400440 trying connect
1660412908.400533 add peer 0x558e32473f20: 6 ((nil))
1660412908.400633 sending message 100 to peer 0x558e32473f20 (4 bytes)
1660412908.400645 sending message 101 to peer 0x558e32473f20 (16 bytes)
1660412908.400653 sending message 102 to peer 0x558e32473f20 (11 bytes)
1660412908.400661 sending message 108 to peer 0x558e32473f20 (27 bytes)
1660412908.400670 sending message 104 to peer 0x558e32473f20 (0 bytes)
1660412908.400679 sending message 107 to peer 0x558e32473f20 (4 bytes)
1660412908.400687 sending message 105 to peer 0x558e32473f20 (23 bytes)
1660412908.400695 sending message 105 to peer 0x558e32473f20 (20 bytes)
1660412908.400704 sending message 105 to peer 0x558e32473f20 (54 bytes)
1660412908.400712 sending message 105 to peer 0x558e32473f20 (24 bytes)
1660412908.400720 sending message 105 to peer 0x558e32473f20 (56 bytes)
1660412908.400728 sending message 105 to peer 0x558e32473f20 (11 bytes)
1660412908.400736 sending message 105 to peer 0x558e32473f20 (12 bytes)
1660412908.400745 sending message 105 to peer 0x558e32473f20 (19 bytes)
1660412908.400753 sending message 105 to peer 0x558e32473f20 (52 bytes)
1660412908.400761 sending message 105 to peer 0x558e32473f20 (19 bytes)
1660412908.400769 sending message 105 to peer 0x558e32473f20 (28 bytes)
1660412908.400777 sending message 105 to peer 0x558e32473f20 (24 bytes)
1660412908.400785 sending message 105 to peer 0x558e32473f20 (17 bytes)
1660412908.400793 sending message 105 to peer 0x558e32473f20 (13 bytes)
1660412908.400801 sending message 105 to peer 0x558e32473f20 (17 bytes)
1660412908.400809 sending message 105 to peer 0x558e32473f20 (23 bytes)
1660412908.400817 sending message 105 to peer 0x558e32473f20 (30 bytes)
1660412908.400825 sending message 105 to peer 0x558e32473f20 (27 bytes)
1660412908.400833 sending message 105 to peer 0x558e32473f20 (24 bytes)
1660412908.400841 sending message 105 to peer 0x558e32473f20 (20 bytes)
1660412908.400849 sending message 105 to peer 0x558e32473f20 (23 bytes)
1660412908.400856 sending message 105 to peer 0x558e32473f20 (21 bytes)
1660412908.400864 sending message 105 to peer 0x558e32473f20 (25 bytes)
1660412908.400872 sending message 105 to peer 0x558e32473f20 (20 bytes)
1660412908.400880 sending message 105 to peer 0x558e32473f20 (14 bytes)
1660412908.400888 sending message 105 to peer 0x558e32473f20 (34 bytes)
1660412908.400906 sending message 105 to peer 0x558e32473f20 (16 bytes)
1660412908.400915 sending message 105 to peer 0x558e32473f20 (314 bytes)
1660412908.400924 sending message 105 to peer 0x558e32473f20 (31 bytes)
1660412908.400932 sending message 105 to peer 0x558e32473f20 (19 bytes)
1660412908.400940 sending message 105 to peer 0x558e32473f20 (18 bytes)
1660412908.400948 sending message 105 to peer 0x558e32473f20 (19 bytes)
1660412908.400956 sending message 105 to peer 0x558e32473f20 (8 bytes)
1660412908.400965 sending message 105 to peer 0x558e32473f20 (19 bytes)
1660412908.400973 sending message 105 to peer 0x558e32473f20 (46 bytes)
1660412908.400981 sending message 105 to peer 0x558e32473f20 (21 bytes)
1660412908.400990 sending message 105 to peer 0x558e32473f20 (35 bytes)
1660412908.400998 sending message 105 to peer 0x558e32473f20 (13 bytes)
1660412908.401006 sending message 105 to peer 0x558e32473f20 (52 bytes)
1660412908.401014 sending message 105 to peer 0x558e32473f20 (11 bytes)
1660412908.401022 sending message 105 to peer 0x558e32473f20 (18 bytes)
1660412908.401030 sending message 105 to peer 0x558e32473f20 (31 bytes)
1660412908.401039 sending message 105 to peer 0x558e32473f20 (35 bytes)
1660412908.401047 sending message 105 to peer 0x558e32473f20 (42 bytes)
1660412908.401055 sending message 105 to peer 0x558e32473f20 (49 bytes)
1660412908.401064 sending message 105 to peer 0x558e32473f20 (31 bytes)
1660412908.401072 sending message 105 to peer 0x558e32473f20 (15 bytes)
1660412908.401089 sending message 105 to peer 0x558e32473f20 (52 bytes)
1660412908.401098 sending message 105 to peer 0x558e32473f20 (23 bytes)
1660412908.401106 sending message 105 to peer 0x558e32473f20 (28 bytes)
1660412908.401114 sending message 105 to peer 0x558e32473f20 (17 bytes)
1660412908.401148 sending message 105 to peer 0x558e32473f20 (58 bytes)
1660412908.401159 sending message 105 to peer 0x558e32473f20 (21 bytes)
1660412908.401167 sending message 105 to peer 0x558e32473f20 (11 bytes)
1660412908.401176 sending message 105 to peer 0x558e32473f20 (20 bytes)
1660412908.401184 sending message 105 to peer 0x558e32473f20 (16 bytes)
1660412908.401192 sending message 105 to peer 0x558e32473f20 (30 bytes)
1660412908.401200 sending message 105 to peer 0x558e32473f20 (16 bytes)
1660412908.401208 sending message 105 to peer 0x558e32473f20 (32 bytes)
1660412908.401217 sending message 105 to peer 0x558e32473f20 (1519 bytes)
1660412908.401227 sending message 106 to peer 0x558e32473f20 (0 bytes)
1660412908.401236 sending message 200 to peer 0x558e32473f20 (4 bytes)
1660412908.401244 client loop enter
1660412908.401684 peer 0x558e32473f20 message 303
1660412908.401695 open write file 2 -
1660412908.401715 sending message 305 to peer 0x558e32473f20 (8 bytes)
1660412908.401817 peer 0x558e32473f20 message 304
1660412908.401825 write 58 to file 2
1660412908.401835 peer 0x558e32473f20 message 203
1660412908.401841 file 2 58 bytes left
1660412908.401864 client loop exit
